{
  "/Users/cryershinozukakazuho/git/liketion/src/app.ts": {
    "path": "/Users/cryershinozukakazuho/git/liketion/src/app.ts",
    "statementMap": {
      "0": { "start": { "line": 1, "column": 16 }, "end": { "line": 1, "column": 40 } },
      "1": { "start": { "line": 2, "column": 16 }, "end": { "line": 2, "column": 34 } },
      "2": { "start": { "line": 4, "column": 17 }, "end": { "line": 4, "column": 42 } },
      "3": { "start": { "line": 5, "column": 17 }, "end": { "line": 5, "column": 42 } },
      "4": { "start": { "line": 6, "column": 17 }, "end": { "line": 6, "column": 42 } },
      "5": { "start": { "line": 23, "column": 21 }, "end": { "line": 28, "column": 1 } },
      "6": { "start": { "line": 24, "column": 13 }, "end": { "line": 24, "column": 26 } },
      "7": { "start": { "line": 25, "column": 15 }, "end": { "line": 25, "column": 33 } },
      "8": { "start": { "line": 26, "column": 19 }, "end": { "line": 26, "column": 77 } },
      "9": { "start": { "line": 27, "column": 2 }, "end": { "line": 27, "column": 29 } },
      "10": { "start": { "line": 40, "column": 19 }, "end": { "line": 42, "column": 1 } },
      "11": { "start": { "line": 41, "column": 2 }, "end": { "line": 41, "column": 34 } },
      "12": { "start": { "line": 44, "column": 14 }, "end": { "line": 44, "column": 17 } },
      "13": { "start": { "line": 45, "column": 0 }, "end": { "line": 49, "column": null } },
      "14": { "start": { "line": 46, "column": 2 }, "end": { "line": 46, "column": 39 } },
      "15": { "start": { "line": 48, "column": 2 }, "end": { "line": 48, "column": 23 } },
      "16": { "start": { "line": 51, "column": 12 }, "end": { "line": 51, "column": 21 } },
      "17": { "start": { "line": 53, "column": 0 }, "end": { "line": 53, "column": 24 } },
      "18": { "start": { "line": 54, "column": 0 }, "end": { "line": 54, "column": 48 } },
      "19": { "start": { "line": 57, "column": 0 }, "end": { "line": 57, "column": 27 } },
      "20": { "start": { "line": 58, "column": 0 }, "end": { "line": 58, "column": 46 } },
      "21": { "start": { "line": 59, "column": 0 }, "end": { "line": 59, "column": 45 } },
      "22": { "start": { "line": 61, "column": 0 }, "end": { "line": 61, "column": 21 } }
    },
    "fnMap": {
      "0": {
        "name": "(anonymous_0)",
        "decl": { "start": { "line": 23, "column": 21 }, "end": { "line": 23, "column": 44 } },
        "loc": { "start": { "line": 23, "column": 46 }, "end": { "line": 28, "column": 1 } }
      },
      "1": {
        "name": "(anonymous_1)",
        "decl": { "start": { "line": 40, "column": 19 }, "end": { "line": 40, "column": 20 } },
        "loc": { "start": { "line": 40, "column": 57 }, "end": { "line": 42, "column": 1 } }
      }
    },
    "branchMap": {
      "0": {
        "loc": { "start": { "line": 41, "column": 9 }, "end": { "line": 41, "column": 33 } },
        "type": "binary-expr",
        "locations": [
          { "start": { "line": 41, "column": 9 }, "end": { "line": 41, "column": 26 } },
          { "start": { "line": 41, "column": 30 }, "end": { "line": 41, "column": 33 } }
        ]
      }
    },
    "s": {
      "0": 1,
      "1": 1,
      "2": 1,
      "3": 1,
      "4": 1,
      "5": 1,
      "6": 1,
      "7": 1,
      "8": 1,
      "9": 1,
      "10": 1,
      "11": 1,
      "12": 1,
      "13": 1,
      "14": 1,
      "15": 0,
      "16": 1,
      "17": 1,
      "18": 1,
      "19": 1,
      "20": 1,
      "21": 1,
      "22": 1
    },
    "f": { "0": 1, "1": 1 },
    "b": { "0": [1, 0] }
  },
  "/Users/cryershinozukakazuho/git/liketion/src/server.ts": {
    "path": "/Users/cryershinozukakazuho/git/liketion/src/server.ts",
    "statementMap": {
      "0": { "start": { "line": 7, "column": 13 }, "end": { "line": 7, "column": 28 } },
      "1": { "start": { "line": 9, "column": 14 }, "end": { "line": 9, "column": 44 } },
      "2": { "start": { "line": 11, "column": 20 }, "end": { "line": 11, "column": 36 } },
      "3": { "start": { "line": 17, "column": 13 }, "end": { "line": 17, "column": 54 } },
      "4": { "start": { "line": 18, "column": 0 }, "end": { "line": 18, "column": 30 } },
      "5": { "start": { "line": 24, "column": 15 }, "end": { "line": 24, "column": 45 } },
      "6": { "start": { "line": 30, "column": 0 }, "end": { "line": 30, "column": 20 } },
      "7": { "start": { "line": 31, "column": 0 }, "end": { "line": 31, "column": 28 } },
      "8": { "start": { "line": 32, "column": 0 }, "end": { "line": 32, "column": 36 } },
      "9": { "start": { "line": 34, "column": 0 }, "end": { "line": 34, "column": 24 } },
      "10": { "start": { "line": 41, "column": 15 }, "end": { "line": 41, "column": 32 } },
      "11": { "start": { "line": 43, "column": 2 }, "end": { "line": 46, "column": null } },
      "12": { "start": { "line": 45, "column": 4 }, "end": { "line": 45, "column": 15 } },
      "13": { "start": { "line": 48, "column": 2 }, "end": { "line": 51, "column": null } },
      "14": { "start": { "line": 50, "column": 4 }, "end": { "line": 50, "column": 16 } },
      "15": { "start": { "line": 53, "column": 2 }, "end": { "line": 53, "column": 15 } },
      "16": { "start": { "line": 61, "column": 2 }, "end": { "line": 63, "column": null } },
      "17": { "start": { "line": 62, "column": 4 }, "end": { "line": 62, "column": 16 } },
      "18": { "start": { "line": 65, "column": 15 }, "end": { "line": 65, "column": 73 } },
      "19": { "start": { "line": 68, "column": 2 }, "end": { "line": 79, "column": null } },
      "20": { "start": { "line": 70, "column": 6 }, "end": { "line": 70, "column": 60 } },
      "21": { "start": { "line": 71, "column": 6 }, "end": { "line": 71, "column": 22 } },
      "22": { "start": { "line": 72, "column": 6 }, "end": { "line": 72, "column": 12 } },
      "23": { "start": { "line": 74, "column": 6 }, "end": { "line": 74, "column": 49 } },
      "24": { "start": { "line": 75, "column": 6 }, "end": { "line": 75, "column": 22 } },
      "25": { "start": { "line": 76, "column": 6 }, "end": { "line": 76, "column": 12 } },
      "26": { "start": { "line": 78, "column": 6 }, "end": { "line": 78, "column": 18 } },
      "27": { "start": { "line": 87, "column": 15 }, "end": { "line": 87, "column": 31 } },
      "28": { "start": { "line": 88, "column": 15 }, "end": { "line": 88, "column": 78 } },
      "29": { "start": { "line": 89, "column": 2 }, "end": { "line": 89, "column": 32 } }
    },
    "fnMap": {
      "0": {
        "name": "normalizePort",
        "decl": { "start": { "line": 40, "column": 9 }, "end": { "line": 40, "column": 22 } },
        "loc": { "start": { "line": 40, "column": 34 }, "end": { "line": 54, "column": 1 } }
      },
      "1": {
        "name": "onError",
        "decl": { "start": { "line": 60, "column": 9 }, "end": { "line": 60, "column": 16 } },
        "loc": { "start": { "line": 60, "column": 27 }, "end": { "line": 80, "column": 1 } }
      },
      "2": {
        "name": "onListening",
        "decl": { "start": { "line": 86, "column": 9 }, "end": { "line": 86, "column": 20 } },
        "loc": { "start": { "line": 86, "column": 20 }, "end": { "line": 90, "column": 1 } }
      }
    },
    "branchMap": {
      "0": {
        "loc": { "start": { "line": 17, "column": 27 }, "end": { "line": 17, "column": 53 } },
        "type": "binary-expr",
        "locations": [
          { "start": { "line": 17, "column": 27 }, "end": { "line": 17, "column": 43 } },
          { "start": { "line": 17, "column": 47 }, "end": { "line": 17, "column": 53 } }
        ]
      },
      "1": {
        "loc": { "start": { "line": 43, "column": 2 }, "end": { "line": 46, "column": null } },
        "type": "if",
        "locations": [{ "start": { "line": 43, "column": 2 }, "end": { "line": 46, "column": null } }]
      },
      "2": {
        "loc": { "start": { "line": 48, "column": 2 }, "end": { "line": 51, "column": null } },
        "type": "if",
        "locations": [{ "start": { "line": 48, "column": 2 }, "end": { "line": 51, "column": null } }]
      },
      "3": {
        "loc": { "start": { "line": 61, "column": 2 }, "end": { "line": 63, "column": null } },
        "type": "if",
        "locations": [{ "start": { "line": 61, "column": 2 }, "end": { "line": 63, "column": null } }]
      },
      "4": {
        "loc": { "start": { "line": 65, "column": 15 }, "end": { "line": 65, "column": 73 } },
        "type": "cond-expr",
        "locations": [
          { "start": { "line": 65, "column": 42 }, "end": { "line": 65, "column": 56 } },
          { "start": { "line": 65, "column": 59 }, "end": { "line": 65, "column": 73 } }
        ]
      },
      "5": {
        "loc": { "start": { "line": 68, "column": 2 }, "end": { "line": 79, "column": null } },
        "type": "switch",
        "locations": [
          { "start": { "line": 69, "column": 4 }, "end": { "line": 72, "column": 12 } },
          { "start": { "line": 73, "column": 4 }, "end": { "line": 76, "column": 12 } },
          { "start": { "line": 77, "column": 4 }, "end": { "line": 78, "column": 18 } }
        ]
      },
      "6": {
        "loc": { "start": { "line": 88, "column": 15 }, "end": { "line": 88, "column": 78 } },
        "type": "cond-expr",
        "locations": [
          { "start": { "line": 88, "column": 42 }, "end": { "line": 88, "column": 56 } },
          { "start": { "line": 88, "column": 59 }, "end": { "line": 88, "column": 78 } }
        ]
      }
    },
    "s": {
      "0": 1,
      "1": 1,
      "2": 1,
      "3": 1,
      "4": 1,
      "5": 1,
      "6": 1,
      "7": 1,
      "8": 1,
      "9": 1,
      "10": 1,
      "11": 1,
      "12": 0,
      "13": 1,
      "14": 1,
      "15": 0,
      "16": 0,
      "17": 0,
      "18": 0,
      "19": 0,
      "20": 0,
      "21": 0,
      "22": 0,
      "23": 0,
      "24": 0,
      "25": 0,
      "26": 0,
      "27": 1,
      "28": 1,
      "29": 1
    },
    "f": { "0": 1, "1": 0, "2": 1 },
    "b": { "0": [1, 1], "1": [0], "2": [1], "3": [0], "4": [0, 0], "5": [0, 0, 0], "6": [0, 1] }
  },
  "/Users/cryershinozukakazuho/git/liketion/src/api/getHello.ts": {
    "path": "/Users/cryershinozukakazuho/git/liketion/src/api/getHello.ts",
    "statementMap": {
      "0": { "start": { "line": 9, "column": 17 }, "end": { "line": 12, "column": 1 } },
      "1": { "start": { "line": 10, "column": 2 }, "end": { "line": 10, "column": 36 } },
      "2": { "start": { "line": 11, "column": 2 }, "end": { "line": 11, "column": 44 } },
      "3": { "start": { "line": 14, "column": 0 }, "end": { "line": 14, "column": 26 } }
    },
    "fnMap": {
      "0": {
        "name": "(anonymous_0)",
        "decl": { "start": { "line": 9, "column": 17 }, "end": { "line": 9, "column": 18 } },
        "loc": { "start": { "line": 9, "column": 56 }, "end": { "line": 12, "column": 1 } }
      }
    },
    "branchMap": {},
    "s": { "0": 1, "1": 1, "2": 1, "3": 1 },
    "f": { "0": 1 },
    "b": {}
  },
  "/Users/cryershinozukakazuho/git/liketion/src/api/getLikes.ts": {
    "path": "/Users/cryershinozukakazuho/git/liketion/src/api/getLikes.ts",
    "statementMap": {
      "0": { "start": { "line": 5, "column": 11 }, "end": { "line": 5, "column": 40 } },
      "1": { "start": { "line": 6, "column": 18 }, "end": { "line": 6, "column": 46 } },
      "2": { "start": { "line": 14, "column": 27 }, "end": { "line": 16, "column": 1 } },
      "3": { "start": { "line": 15, "column": 2 }, "end": { "line": 15, "column": 91 } },
      "4": { "start": { "line": 25, "column": 17 }, "end": { "line": 46, "column": 1 } },
      "5": { "start": { "line": 26, "column": 2 }, "end": { "line": 26, "column": 36 } },
      "6": { "start": { "line": 27, "column": 28 }, "end": { "line": 27, "column": 41 } },
      "7": { "start": { "line": 28, "column": 2 }, "end": { "line": 33, "column": null } },
      "8": { "start": { "line": 29, "column": 4 }, "end": { "line": 31, "column": 7 } },
      "9": { "start": { "line": 32, "column": 4 }, "end": { "line": 32, "column": 11 } },
      "10": { "start": { "line": 35, "column": 2 }, "end": { "line": 45, "column": 5 } },
      "11": { "start": { "line": 36, "column": 4 }, "end": { "line": 44, "column": null } },
      "12": { "start": { "line": 37, "column": 6 }, "end": { "line": 37, "column": 41 } },
      "13": { "start": { "line": 39, "column": 6 }, "end": { "line": 39, "column": 23 } },
      "14": { "start": { "line": 40, "column": 6 }, "end": { "line": 43, "column": 9 } },
      "15": { "start": { "line": 48, "column": 0 }, "end": { "line": 48, "column": 26 } }
    },
    "fnMap": {
      "0": {
        "name": "(anonymous_0)",
        "decl": { "start": { "line": 14, "column": 27 }, "end": { "line": 14, "column": 28 } },
        "loc": { "start": { "line": 14, "column": 58 }, "end": { "line": 16, "column": 1 } }
      },
      "1": {
        "name": "(anonymous_1)",
        "decl": { "start": { "line": 25, "column": 17 }, "end": { "line": 25, "column": 18 } },
        "loc": { "start": { "line": 25, "column": 55 }, "end": { "line": 46, "column": 1 } }
      },
      "2": {
        "name": "(anonymous_2)",
        "decl": { "start": { "line": 35, "column": 63 }, "end": { "line": 35, "column": 64 } },
        "loc": { "start": { "line": 35, "column": 107 }, "end": { "line": 45, "column": 3 } }
      }
    },
    "branchMap": {
      "0": {
        "loc": { "start": { "line": 15, "column": 9 }, "end": { "line": 15, "column": 90 } },
        "type": "binary-expr",
        "locations": [
          { "start": { "line": 15, "column": 9 }, "end": { "line": 15, "column": 38 } },
          { "start": { "line": 15, "column": 42 }, "end": { "line": 15, "column": 64 } },
          { "start": { "line": 15, "column": 68 }, "end": { "line": 15, "column": 90 } }
        ]
      },
      "1": {
        "loc": { "start": { "line": 28, "column": 2 }, "end": { "line": 33, "column": null } },
        "type": "if",
        "locations": [{ "start": { "line": 28, "column": 2 }, "end": { "line": 33, "column": null } }]
      },
      "2": {
        "loc": { "start": { "line": 36, "column": 4 }, "end": { "line": 44, "column": null } },
        "type": "if",
        "locations": [
          { "start": { "line": 36, "column": 4 }, "end": { "line": 44, "column": null } },
          { "start": { "line": 38, "column": 11 }, "end": { "line": 44, "column": null } }
        ]
      }
    },
    "s": {
      "0": 1,
      "1": 1,
      "2": 1,
      "3": 2,
      "4": 1,
      "5": 2,
      "6": 2,
      "7": 2,
      "8": 0,
      "9": 0,
      "10": 2,
      "11": 2,
      "12": 0,
      "13": 2,
      "14": 2,
      "15": 1
    },
    "f": { "0": 2, "1": 2, "2": 2 },
    "b": { "0": [2, 2, 2], "1": [0], "2": [0, 2] }
  },
  "/Users/cryershinozukakazuho/git/liketion/src/api/postLike.ts": {
    "path": "/Users/cryershinozukakazuho/git/liketion/src/api/postLike.ts",
    "statementMap": {
      "0": { "start": { "line": 1, "column": 0 }, "end": { "line": 1, "column": 32 } },
      "1": { "start": { "line": 7, "column": 11 }, "end": { "line": 7, "column": 40 } },
      "2": { "start": { "line": 8, "column": 18 }, "end": { "line": 8, "column": 46 } },
      "3": { "start": { "line": 17, "column": 27 }, "end": { "line": 26, "column": 1 } },
      "4": { "start": { "line": 18, "column": 2 }, "end": { "line": 25, "column": 4 } },
      "5": { "start": { "line": 35, "column": 20 }, "end": { "line": 51, "column": 1 } },
      "6": { "start": { "line": 36, "column": 2 }, "end": { "line": 36, "column": 39 } },
      "7": { "start": { "line": 37, "column": 19 }, "end": { "line": 37, "column": 50 } },
      "8": { "start": { "line": 38, "column": 2 }, "end": { "line": 38, "column": 41 } },
      "9": { "start": { "line": 39, "column": 2 }, "end": { "line": 50, "column": null } },
      "10": { "start": { "line": 41, "column": 20 }, "end": { "line": 41, "column": 42 } },
      "11": { "start": { "line": 43, "column": 20 }, "end": { "line": 43, "column": 79 } },
      "12": { "start": { "line": 47, "column": 4 }, "end": { "line": 47, "column": 68 } },
      "13": { "start": { "line": 49, "column": 4 }, "end": { "line": 49, "column": 35 } },
      "14": { "start": { "line": 60, "column": 17 }, "end": { "line": 108, "column": 1 } },
      "15": { "start": { "line": 61, "column": 2 }, "end": { "line": 61, "column": 36 } },
      "16": { "start": { "line": 62, "column": 26 }, "end": { "line": 62, "column": 42 } },
      "17": { "start": { "line": 63, "column": 28 }, "end": { "line": 63, "column": 41 } },
      "18": { "start": { "line": 65, "column": 27 }, "end": { "line": 65, "column": 57 } },
      "19": { "start": { "line": 67, "column": 2 }, "end": { "line": 70, "column": null } },
      "20": { "start": { "line": 68, "column": 4 }, "end": { "line": 68, "column": 43 } },
      "21": { "start": { "line": 69, "column": 4 }, "end": { "line": 69, "column": 11 } },
      "22": { "start": { "line": 72, "column": 2 }, "end": { "line": 107, "column": 4 } },
      "23": { "start": { "line": 77, "column": 6 }, "end": { "line": 105, "column": null } },
      "24": { "start": { "line": 78, "column": 8 }, "end": { "line": 78, "column": 43 } },
      "25": { "start": { "line": 81, "column": 8 }, "end": { "line": 104, "column": null } },
      "26": { "start": { "line": 82, "column": 10 }, "end": { "line": 96, "column": 13 } },
      "27": { "start": { "line": 83, "column": 12 }, "end": { "line": 95, "column": null } },
      "28": { "start": { "line": 84, "column": 14 }, "end": { "line": 84, "column": 49 } },
      "29": { "start": { "line": 86, "column": 14 }, "end": { "line": 89, "column": 17 } },
      "30": { "start": { "line": 90, "column": 14 }, "end": { "line": 94, "column": 17 } },
      "31": { "start": { "line": 99, "column": 10 }, "end": { "line": 103, "column": 13 } },
      "32": { "start": { "line": 110, "column": 0 }, "end": { "line": 110, "column": 26 } }
    },
    "fnMap": {
      "0": {
        "name": "(anonymous_0)",
        "decl": { "start": { "line": 17, "column": 27 }, "end": { "line": 17, "column": 28 } },
        "loc": { "start": { "line": 17, "column": 72 }, "end": { "line": 26, "column": 1 } }
      },
      "1": {
        "name": "(anonymous_1)",
        "decl": { "start": { "line": 35, "column": 20 }, "end": { "line": 35, "column": 21 } },
        "loc": { "start": { "line": 35, "column": 70 }, "end": { "line": 51, "column": 1 } }
      },
      "2": {
        "name": "(anonymous_2)",
        "decl": { "start": { "line": 60, "column": 17 }, "end": { "line": 60, "column": 18 } },
        "loc": { "start": { "line": 60, "column": 55 }, "end": { "line": 108, "column": 1 } }
      },
      "3": {
        "name": "(anonymous_3)",
        "decl": { "start": { "line": 76, "column": 4 }, "end": { "line": 76, "column": 5 } },
        "loc": { "start": { "line": 76, "column": 48 }, "end": { "line": 106, "column": 5 } }
      },
      "4": {
        "name": "(anonymous_4)",
        "decl": { "start": { "line": 82, "column": 87 }, "end": { "line": 82, "column": 88 } },
        "loc": { "start": { "line": 82, "column": 118 }, "end": { "line": 96, "column": 11 } }
      }
    },
    "branchMap": {
      "0": {
        "loc": { "start": { "line": 19, "column": 4 }, "end": { "line": 24, "column": 21 } },
        "type": "binary-expr",
        "locations": [
          { "start": { "line": 19, "column": 4 }, "end": { "line": 19, "column": 33 } },
          { "start": { "line": 20, "column": 4 }, "end": { "line": 20, "column": 28 } },
          { "start": { "line": 21, "column": 4 }, "end": { "line": 21, "column": 26 } },
          { "start": { "line": 22, "column": 4 }, "end": { "line": 22, "column": 20 } },
          { "start": { "line": 23, "column": 4 }, "end": { "line": 23, "column": 26 } },
          { "start": { "line": 24, "column": 4 }, "end": { "line": 24, "column": 21 } }
        ]
      },
      "1": {
        "loc": { "start": { "line": 39, "column": 2 }, "end": { "line": 50, "column": null } },
        "type": "if",
        "locations": [
          { "start": { "line": 39, "column": 2 }, "end": { "line": 50, "column": null } },
          { "start": { "line": 48, "column": 9 }, "end": { "line": 50, "column": null } }
        ]
      },
      "2": {
        "loc": { "start": { "line": 39, "column": 6 }, "end": { "line": 39, "column": 46 } },
        "type": "binary-expr",
        "locations": [
          { "start": { "line": 39, "column": 6 }, "end": { "line": 39, "column": 14 } },
          { "start": { "line": 39, "column": 18 }, "end": { "line": 39, "column": 46 } }
        ]
      },
      "3": {
        "loc": { "start": { "line": 47, "column": 19 }, "end": { "line": 47, "column": 37 } },
        "type": "binary-expr",
        "locations": [
          { "start": { "line": 47, "column": 19 }, "end": { "line": 47, "column": 31 } },
          { "start": { "line": 47, "column": 35 }, "end": { "line": 47, "column": 37 } }
        ]
      },
      "4": {
        "loc": { "start": { "line": 47, "column": 46 }, "end": { "line": 47, "column": 65 } },
        "type": "binary-expr",
        "locations": [
          { "start": { "line": 47, "column": 46 }, "end": { "line": 47, "column": 59 } },
          { "start": { "line": 47, "column": 63 }, "end": { "line": 47, "column": 65 } }
        ]
      },
      "5": {
        "loc": { "start": { "line": 65, "column": 27 }, "end": { "line": 65, "column": 57 } },
        "type": "binary-expr",
        "locations": [
          { "start": { "line": 65, "column": 27 }, "end": { "line": 65, "column": 31 } },
          { "start": { "line": 65, "column": 35 }, "end": { "line": 65, "column": 40 } },
          { "start": { "line": 65, "column": 44 }, "end": { "line": 65, "column": 57 } }
        ]
      },
      "6": {
        "loc": { "start": { "line": 67, "column": 2 }, "end": { "line": 70, "column": null } },
        "type": "if",
        "locations": [{ "start": { "line": 67, "column": 2 }, "end": { "line": 70, "column": null } }]
      },
      "7": {
        "loc": { "start": { "line": 77, "column": 6 }, "end": { "line": 105, "column": null } },
        "type": "if",
        "locations": [
          { "start": { "line": 77, "column": 6 }, "end": { "line": 105, "column": null } },
          { "start": { "line": 79, "column": 13 }, "end": { "line": 105, "column": null } }
        ]
      },
      "8": {
        "loc": { "start": { "line": 81, "column": 8 }, "end": { "line": 104, "column": null } },
        "type": "if",
        "locations": [
          { "start": { "line": 81, "column": 8 }, "end": { "line": 104, "column": null } },
          { "start": { "line": 98, "column": 15 }, "end": { "line": 104, "column": null } }
        ]
      },
      "9": {
        "loc": { "start": { "line": 83, "column": 12 }, "end": { "line": 95, "column": null } },
        "type": "if",
        "locations": [
          { "start": { "line": 83, "column": 12 }, "end": { "line": 95, "column": null } },
          { "start": { "line": 85, "column": 19 }, "end": { "line": 95, "column": null } }
        ]
      }
    },
    "s": {
      "0": 1,
      "1": 1,
      "2": 1,
      "3": 1,
      "4": 4,
      "5": 1,
      "6": 4,
      "7": 4,
      "8": 4,
      "9": 4,
      "10": 0,
      "11": 0,
      "12": 0,
      "13": 4,
      "14": 1,
      "15": 4,
      "16": 4,
      "17": 4,
      "18": 4,
      "19": 4,
      "20": 1,
      "21": 1,
      "22": 3,
      "23": 3,
      "24": 0,
      "25": 3,
      "26": 2,
      "27": 2,
      "28": 0,
      "29": 2,
      "30": 2,
      "31": 1,
      "32": 1
    },
    "f": { "0": 4, "1": 4, "2": 4, "3": 3, "4": 2 },
    "b": {
      "0": [4, 4, 4, 4, 3, 3],
      "1": [0, 4],
      "2": [4, 0],
      "3": [0, 0],
      "4": [0, 0],
      "5": [4, 4, 4],
      "6": [1],
      "7": [0, 3],
      "8": [2, 1],
      "9": [0, 2]
    }
  },
  "/Users/cryershinozukakazuho/git/liketion/src/util/sendError.ts": {
    "path": "/Users/cryershinozukakazuho/git/liketion/src/util/sendError.ts",
    "statementMap": {
      "0": { "start": { "line": 10, "column": 18 }, "end": { "line": 18, "column": 1 } },
      "1": { "start": { "line": 11, "column": 2 }, "end": { "line": 11, "column": 37 } },
      "2": { "start": { "line": 12, "column": 2 }, "end": { "line": 12, "column": 19 } },
      "3": { "start": { "line": 13, "column": 2 }, "end": { "line": 13, "column": 46 } },
      "4": { "start": { "line": 14, "column": 2 }, "end": { "line": 17, "column": 5 } },
      "5": { "start": { "line": 20, "column": 0 }, "end": { "line": 20, "column": 27 } }
    },
    "fnMap": {
      "0": {
        "name": "(anonymous_0)",
        "decl": { "start": { "line": 10, "column": 18 }, "end": { "line": 10, "column": 19 } },
        "loc": { "start": { "line": 10, "column": 75 }, "end": { "line": 18, "column": 1 } }
      }
    },
    "branchMap": {},
    "s": { "0": 1, "1": 1, "2": 1, "3": 1, "4": 1, "5": 1 },
    "f": { "0": 1 },
    "b": {}
  }
}
