TN:
SF:src/app.ts
FN:24,(anonymous_0)
FN:41,(anonymous_1)
FNF:2
FNH:2
FNDA:1,(anonymous_0)
FNDA:1,(anonymous_1)
DA:1,1
DA:2,1
DA:4,1
DA:5,1
DA:6,1
DA:7,1
DA:24,1
DA:25,1
DA:26,1
DA:27,1
DA:28,1
DA:41,1
DA:42,1
DA:45,1
DA:46,1
DA:47,1
DA:49,0
DA:52,1
DA:54,1
DA:55,1
DA:58,1
DA:59,1
DA:60,1
DA:61,1
DA:63,1
LF:25
LH:24
BRDA:42,0,0,1
BRDA:42,0,1,0
BRF:2
BRH:1
end_of_record
TN:
SF:src/server.ts
FN:40,normalizePort
FN:60,onError
FN:86,onListening
FNF:3
FNH:2
FNDA:1,normalizePort
FNDA:0,onError
FNDA:1,onListening
DA:7,1
DA:9,1
DA:11,1
DA:17,1
DA:18,1
DA:24,1
DA:30,1
DA:31,1
DA:32,1
DA:34,1
DA:41,1
DA:43,1
DA:45,0
DA:48,1
DA:50,1
DA:53,0
DA:61,0
DA:62,0
DA:65,0
DA:68,0
DA:70,0
DA:71,0
DA:72,0
DA:74,0
DA:75,0
DA:76,0
DA:78,0
DA:87,1
DA:88,1
DA:89,1
LF:30
LH:17
BRDA:17,0,0,1
BRDA:17,0,1,1
BRDA:43,1,0,0
BRDA:48,2,0,1
BRDA:61,3,0,0
BRDA:65,4,0,0
BRDA:65,4,1,0
BRDA:68,5,0,0
BRDA:68,5,1,0
BRDA:68,5,2,0
BRDA:88,6,0,0
BRDA:88,6,1,1
BRF:12
BRH:4
end_of_record
TN:
SF:src/api/deleteLike.ts
FN:16,(anonymous_0)
FN:33,(anonymous_1)
FN:34,(anonymous_2)
FN:46,(anonymous_3)
FN:69,(anonymous_4)
FN:74,(anonymous_5)
FN:90,(anonymous_6)
FN:119,(anonymous_7)
FNF:8
FNH:8
FNDA:4,(anonymous_0)
FNDA:2,(anonymous_1)
FNDA:2,(anonymous_2)
FNDA:1,(anonymous_3)
FNDA:2,(anonymous_4)
FNDA:2,(anonymous_5)
FNDA:1,(anonymous_6)
FNDA:4,(anonymous_7)
DA:4,1
DA:6,1
DA:7,1
DA:16,1
DA:17,4
DA:33,1
DA:34,2
DA:35,2
DA:36,0
DA:39,2
DA:40,1
DA:46,1
DA:47,1
DA:48,0
DA:50,1
DA:69,1
DA:70,2
DA:75,2
DA:76,0
DA:79,2
DA:80,1
DA:86,1
DA:91,1
DA:92,0
DA:94,1
DA:98,1
DA:119,1
DA:120,4
DA:121,4
DA:122,4
DA:125,4
DA:127,4
DA:128,0
DA:129,0
DA:133,4
DA:134,2
DA:137,2
DA:141,1
LF:38
LH:32
BRDA:18,0,0,4
BRDA:18,0,1,4
BRDA:18,0,2,4
BRDA:18,0,3,4
BRDA:18,0,4,4
BRDA:35,1,0,0
BRDA:35,1,1,2
BRDA:39,2,0,1
BRDA:39,2,1,1
BRDA:47,3,0,0
BRDA:47,3,1,1
BRDA:75,4,0,0
BRDA:75,4,1,2
BRDA:79,5,0,1
BRDA:79,5,1,1
BRDA:91,6,0,0
BRDA:91,6,1,1
BRDA:125,7,0,4
BRDA:125,7,1,4
BRDA:125,7,2,4
BRDA:125,7,3,2
BRDA:127,8,0,0
BRDA:133,9,0,2
BRDA:133,9,1,2
BRF:24
BRH:19
end_of_record
TN:
SF:src/api/getHello.ts
FN:9,(anonymous_0)
FNF:1
FNH:1
FNDA:1,(anonymous_0)
DA:9,1
DA:10,1
DA:11,1
DA:14,1
LF:4
LH:4
BRF:0
BRH:0
end_of_record
TN:
SF:src/api/getLikes.ts
FN:14,(anonymous_0)
FN:25,(anonymous_1)
FN:35,(anonymous_2)
FNF:3
FNH:3
FNDA:5,(anonymous_0)
FNDA:5,(anonymous_1)
FNDA:5,(anonymous_2)
DA:5,1
DA:6,1
DA:14,1
DA:15,5
DA:25,1
DA:26,5
DA:27,5
DA:28,5
DA:29,0
DA:32,0
DA:35,5
DA:36,5
DA:37,0
DA:39,5
DA:40,5
DA:48,1
LF:16
LH:13
BRDA:15,0,0,5
BRDA:15,0,1,5
BRDA:15,0,2,5
BRDA:28,1,0,0
BRDA:36,2,0,0
BRDA:36,2,1,5
BRF:6
BRH:4
end_of_record
TN:
SF:src/api/postLike.ts
FN:16,(anonymous_0)
FN:34,(anonymous_1)
FN:50,(anonymous_2)
FN:56,(anonymous_3)
FNF:4
FNH:4
FNDA:10,(anonymous_0)
FNDA:10,(anonymous_1)
FNDA:9,(anonymous_2)
FNDA:8,(anonymous_3)
DA:4,1
DA:6,1
DA:7,1
DA:16,1
DA:17,10
DA:34,1
DA:35,10
DA:36,10
DA:37,10
DA:39,10
DA:41,10
DA:42,1
DA:43,1
DA:46,9
DA:51,9
DA:52,0
DA:55,9
DA:56,8
DA:57,8
DA:58,0
DA:60,8
DA:64,8
DA:73,1
DA:84,1
LF:24
LH:22
BRDA:18,0,0,10
BRDA:18,0,1,10
BRDA:18,0,2,10
BRDA:18,0,3,10
BRDA:18,0,4,9
BRDA:18,0,5,9
BRDA:39,1,0,10
BRDA:39,1,1,10
BRDA:39,1,2,10
BRDA:41,2,0,1
BRDA:51,3,0,0
BRDA:51,3,1,9
BRDA:55,4,0,8
BRDA:55,4,1,1
BRDA:57,5,0,0
BRDA:57,5,1,8
BRF:16
BRH:14
end_of_record
TN:
SF:src/util/getUserInfo.ts
FN:10,(anonymous_0)
FNF:1
FNH:1
FNDA:14,(anonymous_0)
DA:10,1
DA:11,14
DA:12,14
DA:13,14
DA:14,14
DA:16,0
DA:18,0
DA:22,0
DA:24,14
LF:9
LH:6
BRDA:14,0,0,0
BRDA:14,0,1,14
BRDA:14,1,0,14
BRDA:14,1,1,0
BRDA:22,2,0,0
BRDA:22,2,1,0
BRDA:22,3,0,0
BRDA:22,3,1,0
BRF:8
BRH:2
end_of_record
TN:
SF:src/util/sendError.ts
FN:10,(anonymous_0)
FNF:1
FNH:1
FNDA:1,(anonymous_0)
DA:10,1
DA:11,1
DA:12,1
DA:13,1
DA:14,1
DA:20,1
LF:6
LH:6
BRF:0
BRH:0
end_of_record
