TN:
SF:src/app.ts
FN:24,(anonymous_0)
FN:41,(anonymous_1)
FNF:2
FNH:2
FNDA:1,(anonymous_0)
FNDA:1,(anonymous_1)
DA:1,1
DA:2,1
DA:4,1
DA:5,1
DA:6,1
DA:7,1
DA:24,1
DA:25,1
DA:26,1
DA:27,1
DA:28,1
DA:41,1
DA:42,1
DA:45,1
DA:46,1
DA:47,1
DA:49,0
DA:52,1
DA:54,1
DA:55,1
DA:58,1
DA:59,1
DA:60,1
DA:61,1
DA:63,1
LF:25
LH:24
BRDA:42,0,0,1
BRDA:42,0,1,0
BRF:2
BRH:1
end_of_record
TN:
SF:src/server.ts
FN:40,normalizePort
FN:60,onError
FN:86,onListening
FNF:3
FNH:2
FNDA:1,normalizePort
FNDA:0,onError
FNDA:1,onListening
DA:7,1
DA:9,1
DA:11,1
DA:17,1
DA:18,1
DA:24,1
DA:30,1
DA:31,1
DA:32,1
DA:34,1
DA:41,1
DA:43,1
DA:45,0
DA:48,1
DA:50,1
DA:53,0
DA:61,0
DA:62,0
DA:65,0
DA:68,0
DA:70,0
DA:71,0
DA:72,0
DA:74,0
DA:75,0
DA:76,0
DA:78,0
DA:87,1
DA:88,1
DA:89,1
LF:30
LH:17
BRDA:17,0,0,1
BRDA:17,0,1,1
BRDA:43,1,0,0
BRDA:48,2,0,1
BRDA:61,3,0,0
BRDA:65,4,0,0
BRDA:65,4,1,0
BRDA:68,5,0,0
BRDA:68,5,1,0
BRDA:68,5,2,0
BRDA:88,6,0,0
BRDA:88,6,1,1
BRF:12
BRH:4
end_of_record
TN:
SF:src/api/deleteLike.ts
FN:16,(anonymous_0)
FN:33,(anonymous_1)
FN:49,(anonymous_2)
FNF:3
FNH:0
FNDA:0,(anonymous_0)
FNDA:0,(anonymous_1)
FNDA:0,(anonymous_2)
DA:4,1
DA:6,1
DA:7,1
DA:16,1
DA:17,0
DA:18,0
DA:19,0
DA:22,0
DA:24,0
DA:25,0
DA:26,0
DA:29,0
DA:34,0
DA:35,0
DA:38,0
DA:39,0
DA:45,0
DA:50,0
DA:51,0
DA:53,0
DA:57,0
DA:71,1
LF:22
LH:5
BRDA:22,0,0,0
BRDA:22,0,1,0
BRDA:22,0,2,0
BRDA:24,1,0,0
BRDA:34,2,0,0
BRDA:34,2,1,0
BRDA:38,3,0,0
BRDA:38,3,1,0
BRDA:50,4,0,0
BRDA:50,4,1,0
BRF:10
BRH:0
end_of_record
TN:
SF:src/api/getHello.ts
FN:9,(anonymous_0)
FNF:1
FNH:1
FNDA:1,(anonymous_0)
DA:9,1
DA:10,1
DA:11,1
DA:14,1
LF:4
LH:4
BRF:0
BRH:0
end_of_record
TN:
SF:src/api/getLikes.ts
FN:14,(anonymous_0)
FN:25,(anonymous_1)
FN:35,(anonymous_2)
FNF:3
FNH:3
FNDA:2,(anonymous_0)
FNDA:2,(anonymous_1)
FNDA:2,(anonymous_2)
DA:5,1
DA:6,1
DA:14,1
DA:15,2
DA:25,1
DA:26,2
DA:27,2
DA:28,2
DA:29,0
DA:32,0
DA:35,2
DA:36,2
DA:37,0
DA:39,2
DA:40,2
DA:48,1
LF:16
LH:13
BRDA:15,0,0,2
BRDA:15,0,1,2
BRDA:15,0,2,2
BRDA:28,1,0,0
BRDA:36,2,0,0
BRDA:36,2,1,2
BRF:6
BRH:4
end_of_record
TN:
SF:src/api/postLike.ts
FN:18,(anonymous_0)
FN:34,(anonymous_1)
FN:40,(anonymous_2)
FNF:3
FNH:3
FNDA:4,(anonymous_0)
FNDA:3,(anonymous_1)
FNDA:2,(anonymous_2)
DA:6,1
DA:8,1
DA:9,1
DA:18,1
DA:19,4
DA:20,4
DA:21,4
DA:23,4
DA:25,4
DA:26,1
DA:27,1
DA:30,3
DA:35,3
DA:36,0
DA:39,3
DA:40,2
DA:41,2
DA:42,0
DA:44,2
DA:48,2
DA:57,1
DA:68,1
LF:22
LH:20
BRDA:23,0,0,4
BRDA:23,0,1,4
BRDA:23,0,2,4
BRDA:25,1,0,1
BRDA:35,2,0,0
BRDA:35,2,1,3
BRDA:39,3,0,2
BRDA:39,3,1,1
BRDA:41,4,0,0
BRDA:41,4,1,2
BRF:10
BRH:8
end_of_record
TN:
SF:src/util/getUserInfo.ts
FN:10,(anonymous_0)
FN:35,(anonymous_1)
FNF:2
FNH:2
FNDA:4,(anonymous_0)
FNDA:4,(anonymous_1)
DA:10,1
DA:11,4
DA:12,4
DA:13,4
DA:14,4
DA:16,0
DA:18,0
DA:22,0
DA:24,4
DA:35,1
DA:36,4
LF:11
LH:8
BRDA:14,0,0,0
BRDA:14,0,1,4
BRDA:14,1,0,4
BRDA:14,1,1,0
BRDA:22,2,0,0
BRDA:22,2,1,0
BRDA:22,3,0,0
BRDA:22,3,1,0
BRDA:37,4,0,4
BRDA:37,4,1,4
BRDA:37,4,2,4
BRDA:37,4,3,4
BRDA:37,4,4,3
BRDA:37,4,5,3
BRF:14
BRH:8
end_of_record
TN:
SF:src/util/sendError.ts
FN:10,(anonymous_0)
FNF:1
FNH:1
FNDA:1,(anonymous_0)
DA:10,1
DA:11,1
DA:12,1
DA:13,1
DA:14,1
DA:20,1
LF:6
LH:6
BRF:0
BRH:0
end_of_record
